#
# There is insufficient memory for the Java Runtime Environment to continue.
# Native memory allocation (mmap) failed to map 257949696 bytes for G1 virtual space
# Possible reasons:
#   The system is out of physical RAM or swap space
#   The process is running with CompressedOops enabled, and the Java Heap may be blocking the growth of the native heap
# Possible solutions:
#   Reduce memory load on the system
#   Increase physical memory or swap space
#   Check if swap backing store is full
#   Decrease Java heap size (-Xmx/-Xms)
#   Decrease number of Java threads
#   Decrease Java thread stack sizes (-Xss)
#   Set larger code cache with -XX:ReservedCodeCacheSize=
#   JVM is running with Zero Based Compressed Oops mode in which the Java heap is
#     placed in the first 32GB address space. The Java Heap base address is the
#     maximum limit for the native heap growth. Please use -XX:HeapBaseMinAddress
#     to set the Java Heap base and to place the Java Heap above 32GB virtual address.
# This output file may be truncated or incomplete.
#
#  Out of Memory Error (os_windows.cpp:3825), pid=19384, tid=23700
#
# JRE version:  (17.0.10) (build )
# Java VM: OpenJDK 64-Bit Server VM (17.0.10+0--11572160, mixed mode, sharing, tiered, compressed oops, compressed class ptrs, g1 gc, windows-amd64)
# No core dump will be written. Minidumps are not enabled by default on client versions of Windows
#

---------------  S U M M A R Y ------------

Command Line: git4idea.http.GitAskPassApp Username for 'https://github.com': 

Host: AMD Ryzen 7 5800H with Radeon Graphics         , 16 cores, 15G,  Windows 11 , 64 bit Build 22621 (10.0.22621.3527)
Time: Wed May 22 22:30:45 2024 SE Asia Standard Time elapsed time: 0.013696 seconds (0d 0h 0m 0s)

---------------  T H R E A D  ---------------

Current thread (0x00000190499ee930):  JavaThread "Unknown thread" [_thread_in_vm, id=23700, stack(0x0000003236100000,0x0000003236200000)]

Stack: [0x0000003236100000,0x0000003236200000]
Native frames: (J=compiled Java code, j=interpreted, Vv=VM code, C=native code)
V  [jvm.dll+0x688e89]
V  [jvm.dll+0x84247a]
V  [jvm.dll+0x8440be]
V  [jvm.dll+0x844723]
V  [jvm.dll+0x24be0f]
V  [jvm.dll+0x685c59]
V  [jvm.dll+0x67a50a]
V  [jvm.dll+0x30cbab]
V  [jvm.dll+0x314056]
V  [jvm.dll+0x363dce]
V  [jvm.dll+0x363fff]
V  [jvm.dll+0x2e2978]
V  [jvm.dll+0x2e38e4]
V  [jvm.dll+0x813011]
V  [jvm.dll+0x371c81]
V  [jvm.dll+0x7f1b66]
V  [jvm.dll+0x3f58df]
V  [jvm.dll+0x3f7511]
C  [jli.dll+0x528f]
C  [ucrtbase.dll+0x29333]
C  [KERNEL32.DLL+0x1257d]
C  [ntdll.dll+0x5aa48]


---------------  P R O C E S S  ---------------

Threads class SMR info:
_java_thread_list=0x00007ffa1590ef58, length=0, elements={
}

Java Threads: ( => current thread )

Other Threads:
  0x0000019049a574e0 GCTaskThread "GC Thread#0" [stack: 0x0000003236200000,0x0000003236300000] [id=26492]
  0x0000019049a6a1a0 ConcurrentGCThread "G1 Main Marker" [stack: 0x0000003236300000,0x0000003236400000] [id=23128]
  0x0000019049a6abc0 ConcurrentGCThread "G1 Conc#0" [stack: 0x0000003236400000,0x0000003236500000] [id=29548]

[error occurred during error reporting (printing all threads), id 0xc0000005, EXCEPTION_ACCESS_VIOLATION (0xc0000005) at pc=0x00007ffa150c3547]

VM state: not at safepoint (not fully initialized)

VM Mutex/Monitor currently owned by a thread:  ([mutex/lock_event])
[0x00000190499ece00] Heap_lock - owner thread: 0x00000190499ee930

Heap address: 0x000000070a400000, size: 3932 MB, Compressed Oops mode: Zero based, Oop shift amount: 3

CDS archive(s) mapped at: [0x0000000000000000-0x0000000000000000-0x0000000000000000), size 0, SharedBaseAddress: 0x0000000800000000, ArchiveRelocationMode: 1.
Narrow klass base: 0x0000000000000000, Narrow klass shift: 0, Narrow klass range: 0x0

GC Precious Log:
<Empty>

Heap:
 garbage-first heap   total 0K, used 0K [0x000000070a400000, 0x0000000800000000)
  region size 2048K, 0 young (0K), 0 survivors (0K)
 Metaspace       used 0K, committed 0K, reserved 0K
  class space    used 0K, committed 0K, reserved 0K

Heap Regions: E=young(eden), S=young(survivor), O=old, HS=humongous(starts), HC=humongous(continues), CS=collection set, F=free, OA=open archive, CA=closed archive, TAMS=top-at-mark-start (previous, next)

Card table byte_map: [0x000001905cef0000,0x000001905d6a0000] _byte_map_base: 0x000001905969e000

Marking Bits (Prev, Next): (CMBitMap*) 0x0000019049a57b00, (CMBitMap*) 0x0000019049a57b40
 Prev Bits: [0x000001905de50000, 0x0000019061bc0000)
 Next Bits: [0x0000019061bc0000, 0x0000019065930000)

GC Heap History (0 events):
No events

Dll operation events (1 events):
Event: 0.008 Loaded shared library C:\Program Files\Android\Android Studio\jbr\bin\java.dll

Deoptimization events (0 events):
No events

Classes unloaded (0 events):
No events

Classes redefined (0 events):
No events

Internal exceptions (0 events):
No events

VM Operations (0 events):
No events

Events (0 events):
No events


Dynamic libraries:
0x00007ff71a3e0000 - 0x00007ff71a3ea000 	C:\Program Files\Android\Android Studio\jbr\bin\java.exe
0x00007ffa66d50000 - 0x00007ffa66f67000 	C:\WINDOWS\SYSTEM32\ntdll.dll
0x00007ffa656f0000 - 0x00007ffa657b4000 	C:\WINDOWS\System32\KERNEL32.DLL
0x00007ffa644b0000 - 0x00007ffa64857000 	C:\WINDOWS\System32\KERNELBASE.dll
0x00007ffa64900000 - 0x00007ffa64a11000 	C:\WINDOWS\System32\ucrtbase.dll
0x00007ffa49ed0000 - 0x00007ffa49ee7000 	C:\Program Files\Android\Android Studio\jbr\bin\jli.dll
0x00007ffa3a3e0000 - 0x00007ffa3a3fb000 	C:\Program Files\Android\Android Studio\jbr\bin\VCRUNTIME140.dll
0x00007ffa65bf0000 - 0x00007ffa65d9e000 	C:\WINDOWS\System32\USER32.dll
0x00007ffa52630000 - 0x00007ffa528c3000 	C:\WINDOWS\WinSxS\amd64_microsoft.windows.common-controls_6595b64144ccf1df_6.0.22621.3527_none_270e469b73872a76\COMCTL32.dll
0x00007ffa64a20000 - 0x00007ffa64a46000 	C:\WINDOWS\System32\win32u.dll
0x00007ffa65440000 - 0x00007ffa654e7000 	C:\WINDOWS\System32\msvcrt.dll
0x00007ffa656c0000 - 0x00007ffa656e9000 	C:\WINDOWS\System32\GDI32.dll
0x00007ffa64070000 - 0x00007ffa64189000 	C:\WINDOWS\System32\gdi32full.dll
0x00007ffa64860000 - 0x00007ffa648fa000 	C:\WINDOWS\System32\msvcp_win.dll
0x00007ffa66130000 - 0x00007ffa66161000 	C:\WINDOWS\System32\IMM32.DLL
0x00007ffa4d460000 - 0x00007ffa4d46c000 	C:\Program Files\Android\Android Studio\jbr\bin\vcruntime140_1.dll
0x00007ffa23900000 - 0x00007ffa2398d000 	C:\Program Files\Android\Android Studio\jbr\bin\msvcp140.dll
0x00007ffa14dd0000 - 0x00007ffa15a53000 	C:\Program Files\Android\Android Studio\jbr\bin\server\jvm.dll
0x00007ffa64c70000 - 0x00007ffa64d22000 	C:\WINDOWS\System32\ADVAPI32.dll
0x00007ffa64b40000 - 0x00007ffa64be8000 	C:\WINDOWS\System32\sechost.dll
0x00007ffa64a50000 - 0x00007ffa64a78000 	C:\WINDOWS\System32\bcrypt.dll
0x00007ffa66bf0000 - 0x00007ffa66d05000 	C:\WINDOWS\System32\RPCRT4.dll
0x00007ffa63f30000 - 0x00007ffa63f7d000 	C:\WINDOWS\SYSTEM32\POWRPROF.dll
0x00007ffa5a360000 - 0x00007ffa5a394000 	C:\WINDOWS\SYSTEM32\WINMM.dll
0x00007ffa39940000 - 0x00007ffa39949000 	C:\WINDOWS\SYSTEM32\WSOCK32.dll
0x00007ffa5c1e0000 - 0x00007ffa5c1ea000 	C:\WINDOWS\SYSTEM32\VERSION.dll
0x00007ffa66af0000 - 0x00007ffa66b61000 	C:\WINDOWS\System32\WS2_32.dll
0x00007ffa63f10000 - 0x00007ffa63f23000 	C:\WINDOWS\SYSTEM32\UMPDC.dll
0x00007ffa63060000 - 0x00007ffa63078000 	C:\WINDOWS\SYSTEM32\kernel.appcore.dll
0x00007ffa5f5f0000 - 0x00007ffa5f5fa000 	C:\Program Files\Android\Android Studio\jbr\bin\jimage.dll
0x00007ffa568f0000 - 0x00007ffa56b22000 	C:\WINDOWS\SYSTEM32\DBGHELP.DLL
0x00007ffa65da0000 - 0x00007ffa66128000 	C:\WINDOWS\System32\combase.dll
0x00007ffa65200000 - 0x00007ffa652d7000 	C:\WINDOWS\System32\OLEAUT32.dll
0x00007ffa3bdd0000 - 0x00007ffa3be02000 	C:\WINDOWS\SYSTEM32\dbgcore.DLL
0x00007ffa64430000 - 0x00007ffa644a9000 	C:\WINDOWS\System32\bcryptPrimitives.dll
0x00007ffa4d160000 - 0x00007ffa4d185000 	C:\Program Files\Android\Android Studio\jbr\bin\java.dll

dbghelp: loaded successfully - version: 4.0.5 - missing functions: none
symbol engine: initialized successfully - sym options: 0x614 - pdb path: .;C:\Program Files\Android\Android Studio\jbr\bin;C:\WINDOWS\SYSTEM32;C:\WINDOWS\WinSxS\amd64_microsoft.windows.common-controls_6595b64144ccf1df_6.0.22621.3527_none_270e469b73872a76;C:\Program Files\Android\Android Studio\jbr\bin\server

VM Arguments:
java_command: git4idea.http.GitAskPassApp Username for 'https://github.com': 
java_class_path (initial): C:/Program Files/Android/Android Studio/plugins/vcs-git/lib/git4idea-rt.jar;C:/Program Files/Android/Android Studio/lib/externalProcess-rt.jar
Launcher Type: SUN_STANDARD

[Global flags]
     intx CICompilerCount                          = 12                                        {product} {ergonomic}
     uint ConcGCThreads                            = 3                                         {product} {ergonomic}
     uint G1ConcRefinementThreads                  = 13                                        {product} {ergonomic}
   size_t G1HeapRegionSize                         = 2097152                                   {product} {ergonomic}
    uintx GCDrainStackTargetSize                   = 64                                        {product} {ergonomic}
   size_t InitialHeapSize                          = 257949696                                 {product} {ergonomic}
   size_t MarkStackSize                            = 4194304                                   {product} {ergonomic}
   size_t MaxHeapSize                              = 4123000832                                {product} {ergonomic}
   size_t MinHeapDeltaBytes                        = 2097152                                   {product} {ergonomic}
   size_t MinHeapSize                              = 8388608                                   {product} {ergonomic}
    uintx NonNMethodCodeHeapSize                   = 7602480                                {pd product} {ergonomic}
    uintx NonProfiledCodeHeapSize                  = 122027880                              {pd product} {ergonomic}
    uintx ProfiledCodeHeapSize                     = 122027880                              {pd product} {ergonomic}
    uintx ReservedCodeCacheSize                    = 251658240                              {pd product} {ergonomic}
     bool SegmentedCodeCache                       = true                                      {product} {ergonomic}
   size_t SoftMaxHeapSize                          = 4123000832                             {manageable} {ergonomic}
     bool UseCompressedClassPointers               = true                           {product lp64_product} {ergonomic}
     bool UseCompressedOops                        = true                           {product lp64_product} {ergonomic}
     bool UseG1GC                                  = true                                      {product} {ergonomic}
     bool UseLargePagesIndividualAllocation        = false                                  {pd product} {ergonomic}

Logging:
Log output configuration:
 #0: stdout all=warning uptime,level,tags
 #1: stderr all=off uptime,level,tags

Environment Variables:
JAVA_HOME=C:\Program Files\Java\jdk-17
PATH=C:/Program Files/Git/mingw64/libexec/git-core;C:/Program Files/Git/mingw64/libexec/git-core;C:\Program Files\Git\mingw64\bin;C:\Program Files\Git\usr\bin;C:\Users\singa\bin;C:\Program Files\Common Files\Oracle\Java\javapath;C:\WINDOWS\system32;C:\WINDOWS;C:\WINDOWS\System32\Wbem;C:\WINDOWS\System32\WindowsPowerShell\v1.0\;C:\WINDOWS\System32\OpenSSH\;D:\Flutter\flutter\bin;C:\Program Files\Cloudflare\Cloudflare WARP\;C:\ProgramData\chocolatey\bin;C:\Program Files (x86)\Yarn\bin\;C:\Program Files\nodejs\;C:\Program Files\Git\cmd;C:\Program Files\dotnet\;C:\Program Files\NVIDIA Corporation\NVIDIA NvDLISR;C:\Users\singa\AppData\Local\Android\Sdk\tools;C:\Users\singa\AppData\Local\Microsoft\WindowsApps;D:\VsCode\Microsoft VS Code\bin;C:\Users\singa\AppData\Local\Android\Sdk\platforms;C:\Users\singa\AppData\Local\Android\Sdk\platform-tools;C:\Users\singa\AppData\Local\Android\Sdk\emulator;D:\Flutter\flutter\bin;C:\Users\singa\AppData\Local\Yarn\bin;C:\Users\singa\AppData\Local\Pub\Cache\bin;C:\Users\singa\AppData\Roaming\npm;C:\Users\singa\AppData\Local\GitHubDesktop\bin
USERNAME=singa
DISPLAY=:0.0
LC_ALL=en_US.UTF-8
TERM=xterm-256color
TMPDIR=C:\Users\singa\AppData\Local\Temp
OS=Windows_NT
PROCESSOR_IDENTIFIER=AMD64 Family 25 Model 80 Stepping 0, AuthenticAMD
TMP=C:\Users\singa\AppData\Local\Temp
TEMP=C:\Users\singa\AppData\Local\Temp



Periodic native trim disabled

JNI global refs:
JNI global refs: 0, weak refs: 0

JNI global refs memory usage: 0, weak refs: 0

OOME stack traces (most recent first):
Classloader memory used:


---------------  S Y S T E M  ---------------

OS:
 Windows 11 , 64 bit Build 22621 (10.0.22621.3527)
OS uptime: 0 days 11:23 hours
Hyper-V role detected

CPU: total 16 (initial active 16) (16 cores per cpu, 2 threads per core) family 25 model 80 stepping 0 microcode 0x0, cx8, cmov, fxsr, ht, mmx, 3dnowpref, sse, sse2, sse3, ssse3, sse4a, sse4.1, sse4.2, popcnt, lzcnt, tsc, tscinvbit, avx, avx2, aes, erms, clmul, bmi1, bmi2, adx, sha, fma, vzeroupper, clflush, clflushopt, hv
Processor Information for all 16 processors :
  Max Mhz: 3201, Current Mhz: 3201, Mhz Limit: 3201

Memory: 4k page, system-wide physical 15724M (1084M free)
TotalPageFile size 35806M (AvailPageFile size 212M)
current process WorkingSet (physical memory assigned to process): 11M, peak: 11M
current process commit charge ("private bytes"): 70M, peak: 316M

vm_info: OpenJDK 64-Bit Server VM (17.0.10+0--11572160) for windows-amd64 JRE (17.0.10+0--11572160), built on Mar 13 2024 23:56:38 by "androidbuild" with MS VC++ 16.10 / 16.11 (VS2019)

END.
